<?xml version="1.0" encoding="UTF-8"?>
<!-- Generated by org.testng.reporters.JUnitXMLReporter -->
<testsuite hostname="DESKTOP-MLOH9VB" ignored="0" name="Default test" tests="2" failures="0" timestamp="2021-12-23T13:04:02 IST" time="255.218" errors="0">
  <testcase name="runScenario" time="132.166" classname="io.cucumber.testng.AbstractTestNGCucumberTests"/>
  <testcase name="runScenario" time="122.444" classname="io.cucumber.testng.AbstractTestNGCucumberTests"/>
</testsuite> <!-- Default test -->
